<?xml version="1.0" encoding="UTF-8"?>
<!-- Generated by org.testng.reporters.JUnitReportReporter -->
<testsuite hostname="DESKTOP-PG8PE46" failures="0" tests="1" name="BuyDirect.BuyDirectTests.EnrollScreenTest" time="30.398" errors="0" timestamp="2024-03-29T17:13:58 IST" skipped="0">
  <testcase classname="BuyDirect.BuyDirectTests.EnrollScreenTest" name="check_NotificationLink" time="30.398"/>
</testsuite> <!-- BuyDirect.BuyDirectTests.EnrollScreenTest -->
