<?xml version="1.0" encoding="UTF-8"?>
<!-- Generated by org.testng.reporters.JUnitReportReporter -->
<testsuite hostname="DESKTOP-PG8PE46" failures="0" tests="1" name="CDWSuccessTest" time="78.279" errors="0" timestamp="2024-03-11T11:46:28 IST" skipped="0">
  <testcase classname="CDWSuccessTest" name="cdwScreen" time="78.279"/>
</testsuite> <!-- CDWSuccessTest -->
