<?xml version="1.0" encoding="UTF-8"?>
<!-- Generated by org.testng.reporters.JUnitReportReporter -->
<testsuite hostname="DESKTOP-PG8PE46" failures="0" tests="1" name="LoginScreenTest" time="12.816" errors="0" timestamp="2024-03-13T23:51:33 IST" skipped="0">
  <testcase classname="LoginScreenTest" name="loginTest" time="12.816"/>
</testsuite> <!-- LoginScreenTest -->
