<?xml version="1.0" encoding="UTF-8"?>
<!-- Generated by org.testng.reporters.JUnitReportReporter -->
<testsuite hostname="DESKTOP-PG8PE46" failures="0" tests="1" name="BuyDirect.BuyDirectTests.CongratsScreenTestForIAV" time="280.961" errors="0" timestamp="2024-03-22T12:55:38 IST" skipped="0">
  <testcase classname="BuyDirect.BuyDirectTests.CongratsScreenTestForIAV" name="congratsTest" time="280.961"/>
</testsuite> <!-- BuyDirect.BuyDirectTests.CongratsScreenTestForIAV -->
