<?xml version="1.0" encoding="UTF-8"?>
<!-- Generated by org.testng.reporters.JUnitReportReporter -->
<testsuite hostname="DESKTOP-PG8PE46" failures="0" tests="1" name="WelcomeBackScreenTest" time="24.479" errors="0" timestamp="2024-03-13T23:55:35 IST" skipped="0">
  <testcase classname="WelcomeBackScreenTest" name="welcomeBack" time="24.479"/>
</testsuite> <!-- WelcomeBackScreenTest -->
