<?xml version="1.0" encoding="UTF-8"?>
<!-- Generated by org.testng.reporters.JUnitReportReporter -->
<testsuite hostname="DESKTOP-PG8PE46" failures="0" tests="1" name="DepositScreenTest" time="35.448" errors="0" timestamp="2024-03-11T11:35:18 IST" skipped="0">
  <testcase classname="DepositScreenTest" name="depositTest" time="35.448"/>
</testsuite> <!-- DepositScreenTest -->
