<?xml version="1.0" encoding="UTF-8"?>
<!-- Generated by org.testng.reporters.JUnitReportReporter -->
<testsuite hostname="DESKTOP-PG8PE46" failures="0" tests="1" name="IAVScreenTest" time="52.172" errors="0" timestamp="2024-03-13T23:04:24 IST" skipped="0">
  <testcase classname="IAVScreenTest" name="IAVtest" time="52.172"/>
</testsuite> <!-- IAVScreenTest -->
