<?xml version="1.0" encoding="UTF-8"?>
<!-- Generated by org.testng.reporters.JUnitReportReporter -->
<testsuite hostname="DESKTOP-PG8PE46" failures="0" tests="1" name="standalone_Test" time="5.794" errors="0" timestamp="2024-02-29T12:54:59 IST" skipped="0">
  <testcase classname="standalone_Test" name="Complete_UI" time="5.794"/>
</testsuite> <!-- standalone_Test -->
