<?xml version="1.0" encoding="UTF-8"?>
<!-- Generated by org.testng.reporters.JUnitReportReporter -->
<testsuite hostname="DESKTOP-PG8PE46" failures="0" tests="1" name="CDWScreenTest" time="69.199" errors="0" timestamp="2024-03-08T15:22:32 IST" skipped="0">
  <testcase classname="CDWScreenTest" name="validation" time="69.199"/>
</testsuite> <!-- CDWScreenTest -->
