<?xml version="1.0" encoding="UTF-8"?>
<!-- Generated by org.testng.reporters.JUnitReportReporter -->
<testsuite hostname="DESKTOP-PG8PE46" failures="0" tests="1" name="BuyDirect.BuyDirectTests.WelcomeBackScreenTest" time="22.479" errors="0" timestamp="2024-03-25T11:23:36 IST" skipped="0">
  <testcase classname="BuyDirect.BuyDirectTests.WelcomeBackScreenTest" name="welcomeBack" time="22.479"/>
</testsuite> <!-- BuyDirect.BuyDirectTests.WelcomeBackScreenTest -->
