<?xml version="1.0" encoding="UTF-8"?>
<!-- Generated by org.testng.reporters.JUnitReportReporter -->
<testsuite hostname="DESKTOP-PG8PE46" failures="0" tests="1" name="EnrollScreen" time="6.166" errors="0" timestamp="2024-03-06T15:08:58 IST" skipped="0">
  <testcase classname="EnrollScreen" name="sendInputstoFields" time="6.166"/>
</testsuite> <!-- EnrollScreen -->
