<?xml version="1.0" encoding="UTF-8"?>
<!-- Generated by org.testng.reporters.JUnitReportReporter -->
<testsuite hostname="DESKTOP-PG8PE46" failures="0" tests="1" name="BuyDirect.BuyDirectTests.BankingIntroTest" time="35.246" errors="0" timestamp="2024-03-25T12:50:13 IST" skipped="0">
  <testcase classname="BuyDirect.BuyDirectTests.BankingIntroTest" name="validation" time="35.246"/>
</testsuite> <!-- BuyDirect.BuyDirectTests.BankingIntroTest -->
