<?xml version="1.0" encoding="UTF-8"?>
<!-- Generated by org.testng.reporters.JUnitReportReporter -->
<testsuite hostname="DESKTOP-PG8PE46" failures="0" tests="1" name="BuyDirect.BuyDirectTests.PlasticScreenTest" time="114.894" errors="0" timestamp="2024-05-08T14:36:49 IST" skipped="0">
  <testcase classname="BuyDirect.BuyDirectTests.PlasticScreenTest" name="verify_Plastic_Body_Texts" time="114.894"/>
</testsuite> <!-- BuyDirect.BuyDirectTests.PlasticScreenTest -->
