<?xml version="1.0" encoding="UTF-8"?>
<!-- Generated by org.testng.reporters.JUnitReportReporter -->
<testsuite hostname="DESKTOP-PG8PE46" failures="0" tests="1" name="EnrollScreenTest" time="21.202" errors="0" timestamp="2024-03-14T00:10:43 IST" skipped="0">
  <testcase classname="EnrollScreenTest" name="sendInputsToFieldsWithoutDL" time="21.202"/>
</testsuite> <!-- EnrollScreenTest -->
