<?xml version="1.0" encoding="UTF-8"?>
<!-- Generated by org.testng.reporters.JUnitReportReporter -->
<testsuite hostname="DESKTOP-PG8PE46" failures="0" tests="1" name="BuyDirect_Tests.WelcomePageTest" time="13.979" errors="0" timestamp="2024-03-14T15:58:08 IST" skipped="0">
  <testcase classname="BuyDirect_Tests.WelcomePageTest" name="signInLink" time="13.979"/>
</testsuite> <!-- BuyDirect_Tests.WelcomePageTest -->
