<?xml version="1.0" encoding="UTF-8"?>
<!-- Generated by org.testng.reporters.JUnitReportReporter -->
<testsuite hostname="DESKTOP-PG8PE46" failures="0" tests="1" name="BuyDirect.BuyDirectTests.IAVScreenTest" time="55.628" errors="0" timestamp="2024-03-22T12:32:08 IST" skipped="0">
  <testcase classname="BuyDirect.BuyDirectTests.IAVScreenTest" name="IAVtest" time="55.628"/>
</testsuite> <!-- BuyDirect.BuyDirectTests.IAVScreenTest -->
