<?xml version="1.0" encoding="UTF-8"?>
<!-- Generated by org.testng.reporters.JUnitReportReporter -->
<testsuite hostname="DESKTOP-PG8PE46" failures="0" tests="1" name="BuyDirect.BuyDirectTests.LoginScreenTest" time="16.279" errors="0" timestamp="2024-04-29T21:06:03 IST" skipped="0">
  <testcase classname="BuyDirect.BuyDirectTests.LoginScreenTest" name="loginTest" time="16.279"/>
</testsuite> <!-- BuyDirect.BuyDirectTests.LoginScreenTest -->
