<?xml version="1.0" encoding="UTF-8"?>
<!-- Generated by org.testng.reporters.JUnitReportReporter -->
<testsuite hostname="DESKTOP-PG8PE46" failures="0" tests="1" name="BuyDirect.BuyDirectTests.WelcomeBackScreenTest" time="26.762" errors="0" timestamp="2024-04-29T20:55:43 IST" skipped="0">
  <testcase classname="BuyDirect.BuyDirectTests.WelcomeBackScreenTest" name="welcomeBack" time="26.762"/>
</testsuite> <!-- BuyDirect.BuyDirectTests.WelcomeBackScreenTest -->
